<?xml version="1.0" encoding="UTF-8"?>
<!-- Generated by org.testng.reporters.JUnitXMLReporter -->
<testsuite ignored="0" hostname="Avnish-PC" failures="2" tests="2" name="Test" time="0.125" errors="0" timestamp="2024-05-06T09:45:46 IST">
  <testcase classname="projectonetest.testcase_02signin" name="signinamezon" time="0.0">
    <failure type="org.testng.TestNGException" message="
Parameter &amp;apos;broswer&amp;apos; is required by @Test on method signinamezon but has not been marked @Optional or defined
in C:\Users\HP\eclipse-workspace\testamezon\twotestcas.xml">
      <![CDATA[org.testng.TestNGException: 
Parameter 'broswer' is required by @Test on method signinamezon but has not been marked @Optional or defined
in C:\Users\HP\eclipse-workspace\testamezon\twotestcas.xml
at java.base/java.util.ArrayList.forEach(ArrayList.java:1511)
... Removed 26 stack frames]]>
    </failure>
  </testcase> <!-- signinamezon -->
  <testcase classname="projectonetest.invaliduser" name="invaliddata" time="0.0">
    <failure type="org.testng.TestNGException" message="
Parameter &amp;apos;broswer&amp;apos; is required by @Test on method invaliddata but has not been marked @Optional or defined
in C:\Users\HP\eclipse-workspace\testamezon\twotestcas.xml">
      <![CDATA[org.testng.TestNGException: 
Parameter 'broswer' is required by @Test on method invaliddata but has not been marked @Optional or defined
in C:\Users\HP\eclipse-workspace\testamezon\twotestcas.xml
at java.base/java.util.ArrayList.forEach(ArrayList.java:1511)
... Removed 26 stack frames]]>
    </failure>
  </testcase> <!-- invaliddata -->
</testsuite> <!-- Test -->
